<?xml version="1.0" encoding="UTF-8"?>
<!-- Generated by org.testng.reporters.JUnitXMLReporter -->
<testsuite hostname="DESKTOP-MBIM8R9" failures="0" tests="4" name="Default test" time="11.362" errors="0" timestamp="8 Apr 2021 07:24:16 GMT">
  <testcase classname="com.test.jtc.tests.GoogleSearchTest" name="verifyPageTitle" time="0.012"/>
  <testcase classname="com.test.jtc.tests.GoogleSearchTest" name="verifyPageTitle" time="0.012"/>
  <testcase classname="com.test.jtc.tests.GoogleSearchTest" name="googleSearch" time="3.233"/>
  <testcase classname="com.test.jtc.tests.GoogleSearchTest" name="googleSearch" time="3.233"/>
</testsuite> <!-- Default test -->
