<?xml version="1.0" encoding="UTF-8"?>
<testng-results total="2" passed="2" failed="0" skipped="0">
  <reporter-output>
  </reporter-output>
  <suite started-at="2021-04-08T07:24:05Z" name="Default suite" finished-at="2021-04-08T07:24:16Z" duration-ms="11362">
    <groups>
    </groups>
    <test started-at="2021-04-08T07:24:05Z" name="Default test" finished-at="2021-04-08T07:24:16Z" duration-ms="11362">
      <class name="com.test.jtc.tests.GoogleSearchTest">
        <test-method is-config="true" signature="setup()[pri:0, instance:com.test.jtc.tests.GoogleSearchTest@389c4eb1]" started-at="2021-04-08T12:54:05Z" name="setup" finished-at="2021-04-08T12:54:13Z" duration-ms="8101" status="PASS">
          <reporter-output>
          </reporter-output>
        </test-method> <!-- setup -->
        <test-method signature="verifyPageTitle()[pri:1, instance:com.test.jtc.tests.GoogleSearchTest@389c4eb1]" started-at="2021-04-08T12:54:13Z" name="verifyPageTitle" finished-at="2021-04-08T12:54:13Z" duration-ms="12" status="PASS">
          <reporter-output>
          </reporter-output>
        </test-method> <!-- verifyPageTitle -->
        <test-method signature="googleSearch()[pri:2, instance:com.test.jtc.tests.GoogleSearchTest@389c4eb1]" started-at="2021-04-08T12:54:13Z" name="googleSearch" finished-at="2021-04-08T12:54:16Z" duration-ms="3233" status="PASS">
          <reporter-output>
          </reporter-output>
        </test-method> <!-- googleSearch -->
        <test-method is-config="true" signature="tearDown()[pri:0, instance:com.test.jtc.tests.GoogleSearchTest@389c4eb1]" started-at="2021-04-08T12:54:16Z" name="tearDown" finished-at="2021-04-08T12:54:16Z" duration-ms="0" status="PASS">
          <reporter-output>
          </reporter-output>
        </test-method> <!-- tearDown -->
      </class> <!-- com.test.jtc.tests.GoogleSearchTest -->
    </test> <!-- Default test -->
  </suite> <!-- Default suite -->
</testng-results>
